 ahu
 Andrea
 bcao
 bo.wang
 budny
 chengzf
 chum
 cmustc
 daizl
 dawning
 developer
 dlchen
 doug
 fdwang
 gsli
 gsxu
 guest
 gwei
 gwenfeng
 gyhu
 hguanghai
 houxuefeng
 huqs
 huzh
 hzhong
 jfeng
 jinle
 jjchen
 jszx506
 jwei
 jzheng
 kzding
 lijy
 limeng
 liuyong
 lixujing
 llian
 luoan
 maxim_Wang
 omullane
 panchengkang
 qiy
 qlzhang
 renyong
 rob
 rzhonglee
 shaolm
 shuangxi
 slisgo
 spectro
 sylin
 taoc
 tguixin
 tina
 topica
 tracadmin
 wangjun81
 whyu
 wlzhang
 wuhuan
 wzwang
 xgliu
 xwcao
 xysun
 yalei
 yangjinhong
 yangqq
 yangyj
 ychen
 yuguoyang
 zah
 zhaodan
 zhoutt
 zweitang
 zxiaoyu
 zxnustc
