--- name.list-sort	2015-07-29 14:17:21.000000000 +0800
+++ uid-users-sort	2015-07-29 14:16:26.000000000 +0800
@@ -1,36 +1,50 @@
+ahu
+Andrea
 asipp_abs
 backup
+bcao
 bgui
 bjding
 blhao
 bonoli
+bo.wang
+budny
 caijianqing
 canxin
 changjiaf
 chenbr
+chengzf
 chenky
 chenmq
 chenyq
 chlei
+chum
 chunan
 chy35
 ckpan
 cliang
+cmustc
 crwu
 csyscu
 cuil
 cxman
 cyliu
+daizl
 dave
 davidwu
+dawning
 DDNssh
+developer
 dfkong
 didier
 dinglj
+dlchen
 dongcf
 dongyb
+doug
 elder
 erhui
+fdwang
 fengwei
 FIDA
 fujia
@@ -40,35 +54,52 @@
 gksim
 glsong
 gqwang
+gsli
+gsxu
+guest
+gwei
+gwenfeng
 gxiaotian
+gyhu
 gzjia
 hanp
 henglan
 heyang
 hgao
+hguanghai
 hhwang
 hjie
 hjscu
 hongqin
+houxuefeng
 hqwang
 hscai
 hsi
 huanghua
 huangkai
 huangwl
+huqs
 huyemin
+huzh
 hxf
 hyueheng
+hzhong
 inkyang
+jfeng
 jfwang
 jhuang
 jiamanni
 jianbinliu
 jieli
+jinle
+jjchen
 jlchen
-junjun
+jszx506
+jwei
 jwright
+jzheng
 kfgan
+kzding
 lanting
 laody
 leexinxia
@@ -79,6 +110,8 @@
 lihaode2007
 lihl
 lijx
+lijy
+limeng
 limiaohui
 linbinbin
 liuhq
@@ -86,12 +119,16 @@
 liul
 liuli
 liuxj
+liuyong
 liuzhiyuan
 liuzy
+lixujing
 ljunjun
+llian
 lqxu
 lshch
 lulin
+luoan
 luobing
 lxiaochun
 lxj
@@ -99,6 +136,7 @@
 lzp
 majun
 maoaohua
+maxim_Wang
 maxuebin
 meneghini
 mgvh
@@ -107,7 +145,9 @@
 nanshi
 niugj
 niuly
+omullane
 oujing
+panchengkang
 panwei
 PEYSSON
 pfzhang
@@ -117,39 +157,54 @@
 qfjiang
 qianjinping
 qiuql
+qiy
+qlzhang
 qwang
 ray
 rding
 renql
+renyong
 rjzhou
 rlzhang
+rob
 rrzhang
+rzhonglee
 sding
 sfmao
+shaolm
 shebit
 shikeyi
 shiraiwa
 shisj
 shixj
+shuangxi
 shuyudai
 skcheng
+slisgo
 slliu
 smithsp
 solps
 songshd
+spectro
 stmao
 sunap
 sunyj
+sylin
 szhu
+taoc
 taolu
-TEST
 tfming
+tguixin
 thshi
+tina
+topica
+tracadmin
 tsfan
 wangfeng
 wanghj
 wangji
 wangjiaqi
+wangjun81
 wangs
 wangxg
 wangyh
@@ -159,18 +214,23 @@
 wenjiawang
 wfguo
 wfq
+whyu
 wlhuang
 wliang
+wlzhang
 wmq
 woodysu
 wtf
 wubin
+wuhuan
 wwxu
 wxjing
 wxwei
 wyulei
 wzhibin
+wzwang
 wzxing
+xgliu
 xhwang
 xiangjian
 xiangn
@@ -186,16 +246,23 @@
 xuqian
 xuyp
 xuzong
+xwcao
 xyf
+xysun
 xywang
 xzhu
 xzluo
+yalei
 yangcheng
+yangjinhong
+yangqq
 yangulei
+yangyj
 yanning
 yanqingh
 yaoyc
 ybpei
+ychen
 ycunli
 yelei
 yfliang
@@ -209,6 +276,7 @@
 ypchen
 yqhu
 yuanyi
+yuguoyang
 yukailiu
 yulimin
 yuzhi
@@ -216,19 +284,20 @@
 ywsun
 yxting
 yzuo
+zah
 zengz
 zgdeng
 zhaixm
 zhangjh
 zhangkai
 zhangling
-zhangshan
 zhangt
 zhangwei
 zhangxianmei
 zhangxk
 zhangyang
 zhangydd
+zhaodan
 zhaoxy
 zhenggy
 zhengjs
@@ -237,11 +306,15 @@
 zhlwang
 zhonggq
 zhoudeng
+zhoutt
 zhouzq
 zhuqingjun
 zhwang
 zsyang
 zw
+zweitang
 zwwu
+zxiaoyu
 zxliu316
+zxnustc
 zyifeng
