106563.service103       niuly       parallel DT54@p111          8366     4     64    --  90000:00: R  05:25:20
   shenma120/0-15+shenma150/0-15+shenma144/0-15+shenma118/0-15
106655.service103       xywang      parallel testrun           31886     4     64    --  1000:00:0 R  02:05:24
   shenma113/0-15+shenma123/0-15+shenma145/0-15+shenma148/0-15
106627.service103       mchunya     parallel fluent            23172     2     32    --  120:00:00 R  03:46:05
   shenma156/0-15+shenma138/0-15
106626.service103       mchunya     parallel fluent             5879     2     32    --  120:00:00 R  03:51:02
   shenma160/0-15+shenma161/0-15
106532.service103       renzhzh     parallel xqw_qb010_inipur  32693     4     64    --  100:00:00 R  06:50:10
   shenma102/0-15+shenma130/0-15+shenma137/0-15+shenma151/0-15
106510.service103       xywang      parallel testrun           13548     4     64    --  1000:00:0 R  07:44:45
   shenma134/0-15+shenma132/0-15+shenma136/0-15+shenma141/0-15
106312.service103       zhangxk     parallel test6             21135     4     64    --  90000:00: R  22:28:15
   shenma119/0-15+shenma143/0-15+shenma133/0-15+shenma147/0-15
106177.service103       slliu       parallel Act2              24103     4     64    --  90000:00: R  27:43:29
   shenma101/0-15+shenma142/0-15+shenma155/0-15+shenma153/0-15
106173.service103       renzhzh     parallel xqw_qb010_201     24329     4     64    --  100:00:00 R  28:48:45
   shenma103/0-15+shenma149/0-15+shenma157/0-15+shenma154/0-15
104787.service103       qfjiang     parallel fluent            25970     2     32    --  120:00:00 R  67:32:40
   shenma140/0-15+shenma135/0-15
104752.service103       qfjiang     parallel fluent            17057     2     32    --  120:00:00 R  68:45:05
   shenma129/0-15+shenma121/0-15
100249.service103       maoaohua    parallel t1200             28137     4     64    --  1000:00:0 R 166:35:03
   shenma115/0-15+shenma152/0-15+shenma124/0-15+shenma117/0-15
100087.service103       wzhibin     parallel mgt17              1522     4     64    --  1000:00:0 R 173:47:40
   shenma139/0-15+shenma116/0-15+shenma112/0-15+shenma131/0-15
