backup : ipp develop users backup
bigdata : simpla
big_data : visitor
bjding : ipp users lukeown
blhao : ipp transp users
bonoli : visitor users
caijianqing : ipp users
candy : omfitadmin visitor bigcpu
canxin : visitor simpla users
changjiaf : ipp users
chenbr : simpla users
chengy : ipp matlab
chenjingbo : ipp matlab
chenky : ipp users
chenmq : visitor simpla users
chenwei : visitor simpla users
chenwh : ipp matlab
chenyq : ipp transp users
chunan : ipp transp users
chy35 : theory develop ipp vorpal users matlab bigcpu
ckpan : ipp users bigcpu
cliang : ipp transp users matlab
crwu : ipp users matlab
cuil : visitor transp
cxman : ipp users
cyliu : ipp transp users matlab
davidwu : ipp simpla users
DDNssh : visitor vorpal users
dfkong : ipp users
didier : visitor users
dinglj : ipp simpla users
dongyb : visitor users
duanwx : ipp
dube : visitor users
duhongfei : ipp transp users advanced
efit : Efit users
eldond : visitor matlab
fengwei : ipp users
fpoli : visitor transp
fujia : ipp users
gaoff : ipp users
gaowei : ipp users matlab
gelijian : visitor transp users
gjwu : ipp users
gqwang : theory ipp transp users bigcpu
gsli : ipp
guibin : theory users matlab bigcpu
gushuai : ipp users
gxiaotian : visitor simpla users
gzjia : theory develop ipp vorpal users gefi bigcpu
hanrui : visitor users
hdzhou : ipp transp
henglan : ipp users
hexiang : visitor transp users
heyang : visitor simpla users
hhwang : ipp transp users
hjie : ipp users matlab
hkyang : ipp users
hmzhang : ipp
hongqin : visitor simpla users
houym : ipp users
hpssh : visitor users
hruiji : ipp transp advanced
hscai : simpla users
hsi : ipp users
huanghua : visitor users matlab
huangkai : ipp users COMSOL
huwh : ipp users
huyemin : theory develop ipp visitor users matlab bigcpu
hyueheng : theory users gefi matlab bigcpu
hzhang : ipp
ida_nifs : visitor
inkyang : theory users bigcpu
jcwang : ipp users
jfwang : ipp transp users
jgxiang : ipp matlab
jhuang : ipp users matlab
jiamanni : visitor users
jianbinliu : ipp users
jiangdi : ipp
jichen : visitor simpla
jinle : visitor ipp
jinzhao : ipp users
jlchen : theory ipp transp vorpal users Efit matlab omfitadmin bigcpu advanced
kdli : ipp matlab
kfgan : ipp users
kngeng : ipp
kyhe : ipp users
kzding : ipp visitor
lanting : ipp simpla users matlab
lao : visitor
laody : ipp develop users COMSOL
lbowen : visitor simpla users
leexinxia : theory ipp transp users matlab bigcpu
leimz : ipp users
lfluo : visitor users
lhang : ipp users
lhliu : ipp users
lianhui : ipp transp users advanced
lichuanbing : visitor simpla
lidehui : theory ipp vorpal simpla users matlab bigcpu
ligq : ipp develop transp imd users matlab bigcpu advanced
lihaode2007 : ipp transp users
lihl : visitor users
lihong : visitor users
lijc : visitor
lijx : visitor ipp users
likai : ipp transp imd users advanced
limiaohui : ipp visitor users lukeown matlab advanced
linbinbin : theory vorpal users matlab bigcpu
linlixu : visitor simpla users
linqifu : ipp
linxin : ipp matlab
liujian : visitor simpla users
liul : ipp develop transp visitor vorpal users Efit
liuli : visitor transp users matlab
liull : theory
liuxiaojuan : ipp visitor
liuxj : theory develop ipp transp vorpal simpla manager transpadmin users lukeown backup matlab bigcpu COMSOL
liuyong : ipp
liuzy : visitor simpla users
lixia : ipp
lqxu : ipp matlab
lshch : ipp users matlab
lulin : visitor simpla users
luocheng : visitor
luodi : visitor users
lxiaochun : ipp users
lxiaoliang : ipp users matlab
lxj : ipp users
lyingzhe : visitor simpla users
lzp : ipp users
majun : theory ipp transp simpla users matlab bigcpu
maoaohua : visitor users
matlab : ipp
maxuebin : ipp users
mchunya : ipp users
meneghini : visitor users
mgvh : ipp users
mingyue : theory users matlab
minxiao : ipp transp users
mschu : visitor users matlab
mulei : ipp
mzzheng : theory ipp vorpal users matlab bigcpu
nanshi : ipp develop imd users Efit
niklogan : visitor
niugj : ipp users
niuly : ipp users bigcpu
osborne : visitor
oujing : theory ipp users matlab bigcpu
PEYSSON : visitor users lukeown matlab
pffan : theory simpla users matlab bigcpu
pfzhang : ipp users matlab
pfzhao : theory matlab bigcpu
pldong : ipp transp matlab
puyong : ipp users
pxchang : ipp transp users
qfjiang : ipp users
qianjinping : ipp users advanced
qianzh : theory matlab bigcpu
qiqiang : ipp matlab
qiuql : ipp users
quhao : ipp users
qwang : ipp transp users
ray : ipp users
renql : ipp develop imd users matlab
renzhzh : visitor users
rjzhou : ipp matlab
rlzhang : visitor simpla users
rmaingi : visitor
rrzhang : ipp users
schuster : visitor transp users
sding : ipp transp transpadmin users advanced
sfmao : visitor users
shenwei : theory users matlab bigcpu
shibo : ipp users
shikeyi : visitor transp users
shiraiwa : visitor users
shisy : visitor users
shixj : develop ipp users
shiyf : visitor users
shuaixu : ipp users
slijuan : visitor simpla users
slliu : ipp users
solps : theory users
stmao : ipp users
sunap : visitor transp users
sunyj : visitor simpla users
sunzhen : ipp matlab
szhu : theory ipp users matlab bigcpu
taolu : ipp users
tfming : ipp users
thshi : ipp transp users
wangfeng : ipp users
wanghj : visitor users
wangji : ipp transp
wangjiaqi : visitor simpla users
wangs : ipp users
wangsx : ipp transp users advanced
wangxg : ipp users
wangyf : visitor simpla users
wangyh : theory users matlab bigcpu
wangzhenjiang : simpla users
wenjiawang : theory users matlab bigcpu
wfguo : theory ipp visitor imd users Efit matlab bigcpu advanced
wfq : ipp users
wjwang : ipp users
wmq : ipp transp users advanced
wtf : ipp transp users
wubin : ipp transp users
wuxiaoli : visitor simpla
wuyanbin : visitor users bigcpu
wxjing : visitor users
wxliang : visitor simpla users
wyf : ipp matlab
wyulei : visitor simpla users
wzhibin : visitor simpla users
wzj : ipp
xianggu : ipp matlab
xiangjian : visitor users Efit matlab
xiangn : theory ipp vorpal users gefi matlab bigcpu
xiaochenl : theory users matlab bigcpu
xiaochi : visitor nxlogin
xiaojy : visitor simpla users
xiaotao : theory ipp users matlab bigcpu
xiaty : theory ipp users matlab bigcpu
xiegx : ipp users
xiehai : ipp users
xiulei : ipp users
xjzhang : ipp transp users advanced
xliu : ipp
xueerbing : visitor transp users
xuelei : visitor users
xugl : visitor users Efit
xukun : visitor
xuqian : ipp users
xuyp : ipp users
xuzong : ipp users
xyf : theory ipp users matlab bigcpu
xywang : theory users matlab
xzhu : ipp transp users advanced
xzluo : visitor simpla users
yangcheng : theory ipp vorpal users matlab bigcpu advanced
yangck : theory users matlab bigcpu
yangjh : visitor users
yangqq : ipp users
yangulei : theory ipp users matlab bigcpu
yangzhen : ipp users
yanning : ipp users
yanqingh : theory users matlab bigcpu
yaoyc : visitor simpla users
ybpei : theory users matlab bigcpu
ycunli : ipp users lukeown matlab
yelei : theory develop ipp vorpal users matlab bigcpu advanced
yeyang : ipp matlab
yfliang : visitor users
yfwang : ipp users advanced
yguo : ipp transp users
yinlan : visitor
yj : theory ipp imd users matlab bigcpu
ylang : visitor simpla users
ylli : ipp transp users
ymlv : ipp
ypchen : ipp users matlab
yqhu : theory users matlab bigcpu
yqyang : ipp matlab
yuanjli : visitor
yuanyi : ipp transp users matlab
yukailiu : ipp transp users advanced
yulimin : visitor transp users
yuzhi : theory develop ipp transp vorpal simpla manager transpadmin users backup matlab bigcpu
ywj : ipp users matlab
ywsun : ipp users
yzuo : visitor users
zengz : visitor users
zgdeng : ipp users
zhaixm : theory ipp users matlab bigcpu
zhangdingzong : theory matlab bigcpu
zhangdr : ipp matlab
zhangjh : ipp users
zhangkai : visitor users
zhangling : ipp transp users
zhangsh : theory
zhangt : ipp users
zhangwei : ipp users
zhangxianmei : visitor transp users
zhangxk : ipp users
zhangyang : ipp users matlab
zhangyz : visitor
zhaodeng : visitor omfitadmin
zhaohailin : ipp transp matlab
zhaosj : visitor simpla users
zhaoxy : theory users matlab bigcpu
zhaozl : visitor simpla users
zhenggn : visitor simpla
zhenggy : visitor users
zhengjs : visitor simpla users
zhengt : ipp users
zhengzhen : theory transp users matlab bigcpu advanced
zhonggq : ipp transp users
zhoudeng : theory ipp users matlab bigcpu
zhoutianfu : ipp matlab
zhoutt : theory users matlab bigcpu
zhouzq : visitor simpla users
zhuqingjun : ipp users
zhuyiren : visitor users
zhuyu : visitor simpla
zhuzj : visitor
zhwang : visitor users
zsyang : ipp users
zuoguizh : ipp matlab
zyifeng : visitor simpla users
zyli : visitor users
zyunpeng : visitor users
