    1  ssh shenma9
    2  ssh shenma10
    3  exit
    4  ssh shenma1
    5  xdsh shenma[2-10] 'mkdir -p /l/shenma1'
    6  xdsh shenma[2-10] 'mkdir -p /l/shenma2'
    7  xdsh shenma[2-10] 'mkdir -p /l/shenma3'
    8  xdsh shenma[2-10] 'mkdir -p /l/shenma4'
    9  xdsh shenma[2-10] 'mkdir -p /l/shenma5'
   10  xdsh shenma[2-10] 'mkdir -p /l/shenma6'
   11  xdsh shenma[2-10] 'mkdir -p /l/shenma7'
   12  xdsh shenma[2-10] 'mkdir -p /l/shenma8'
   13  xdsh shenma[2-10] 'mkdir -p /l/shenma9'
   14  xdsh shenma[2-10] 'mkdir -p /l/shenma10'
   15  ssh shenma1
   16  xdsh shenma[2-10] 'mount -t nfs 10.10.1.1:/local/ /l/shenma1'
   17  xdsh shenma[2-10] 'mount -t nfs 10.10.1.2:/local/ /l/shenma2'
   18  xdsh shenma[2-10] 'mount -t nfs 10.10.1.3:/local/ /l/shenma3'
   19  xdsh shenma[2-10] 'mount -t nfs 10.10.1.4:/local/ /l/shenma4'
   20  xdsh shenma[2-10] 'mount -t nfs 10.10.1.5:/local/ /l/shenma5'
   21  xdsh shenma[2-10] 'mount -t nfs 10.10.1.6:/local/ /l/shenma6'
   22  xdsh shenma[2-10] 'mount -t nfs 10.10.1.7:/local/ /l/shenma7'
   23  xdsh shenma[2-10] 'mount -t nfs 10.10.1.8:/local/ /l/shenma8'
   24  xdsh shenma[2-10] 'mount -t nfs 10.10.1.9:/local/ /l/shenma9'
   25  xdsh shenma[2-10] 'mount -t nfs 10.10.1.10:/local/ /l/shenma10'
   26  xdsh shenma[2-10] 'df -h'
   27  xdsh shenma1 'df -h'
   28  exit
   29  ssh shenma11
   30  ssh shenma13
   31  ssh shenma14
   32  exit
   33  ssh shenma1
   34  xdsh shenma[2-10] 'df -h'
   35  exit
   36  ssh shenma1
   37  exit
   38  ssh shenma162
   39  exit
   40  ssh shenma101
   41  ssh shenma1
   42  ssh shenma6
   43  cd /pkg/openmpi/1.4.2-new/gcc-4.4/bin/
   44  ls
   45  ssh shenma162
   46  exit
   47  ssh shenma163
   48  ssh shenma163 -X
   49  ssh shenma162
   50  ssh shenma1
   51  exit
   52  ssh shenma1
   53  exit
   54  ssh shenma162
   55  exit
   56  ssh shenma162
   57  exit
   58  module avail
   59  exit
   60  ssh shenma162
   61  exit
   62  ssh shenma1
   63  ssh shenma10
   64  exit
   65  ssh shenma163
   66  exit
   67  ssh shenma10
   68  exit
   69  ssh shenma1
   70  ssh shenma2
   71  ssh shenma1
   72  exit
   73  ssh shenma10
   74  ping 10.10.1.10
   75  ssh shenma10
   76  exit
   77  cd /bin/
   78  ls
   79  cd /root/bin/
   80  ls
   81  vim MountFileSystem.sh 
   82  vim ShutdownCluster.sh 
   83  vim BootCluster.sh 
   84  history 
   85  ls
   86  vim BootCluster.sh 
   87  ssh shenma10
   88  exit
   89  ssh shenma1
   90  exit
   91  ssh shenma1
   92  ssh shenma2
   93  ssh shenma3
   94  ssh shenma1
   95  exit
   96  ssh shenma10
   97  ssh shenma13
   98  ssh shenma5
   99  exit
  100  ssh shenma1
  101  ssh shenma10
  102  ssh shenma1
  103  ssh shenma102
  104  exit
  105  ssh shenma1
  106  xdsh shenma[2-9]'chmod 644 /sys/module/mlx4_core/parameters/log_num_mtt'
  107  xdsh shenma[2-9] 'chmod 644 /sys/module/mlx4_core/parameters/log_num_mtt'
  108  xdsh shenma[2-9] 'cat /sys/module/mlx4_core/parameters/log_num_mtt'
  109  xdsh shenma[2-9] ' /sys/module/mlx4_core/parameters/log_num_mtt'
  110  xdsh shenma[2-9] 'chmod 644 /sys/module/mlx4_core/parameters/log_mtts_per_seg'
  111  xdsh shenma[2-9] 'echo "24" > /sys/module/mlx4_core/parameters/log_num_mtt'
  112  xdsh shenma[2-9] 'echo "1" > /sys/module/mlx4_core/parameters/log_mtts_per_seg'
  113  xdsh shenma[2-9] 'cat /sys/module/mlx4_core/parameters/log_num_mtt'
  114  xdsh shenma[2-9] 'cat  /sys/module/mlx4_core/parameters/log_mtts_per_seg'
  115  ssh shenma102
  116  xdsh shenma[101-161] 'chmod 644 /sys/module/mlx4_core/parameters/log_num_mtt'
  117  xdsh shenma[101-161] 'chmod 644 /sys/module/mlx4_core/parameters/log_mtts_per_seg'
  118  xdsh shenma[101-161] 'echo "24" > /sys/module/mlx4_core/parameters/log_num_mtt'
  119  xdsh shenma[101-161] 'echo "1" > /sys/module/mlx4_core/parameters/log_mtts_per_seg'
  120  xdsh shenma[101-161] 'cat  /sys/module/mlx4_core/parameters/log_mtts_per_seg'
  121  history 
  122  exit
  123  ssh shenma5
  124  ssh shenma2
  125  ssh shenma5
  126  exit
  127  ssh shenma163
  128  ssh shenma162.log 
  129  ssh shenma163
  130  ssh shenma1
  131  ssh shenma5
  132  xdsh shenma[1-10] 'chmod 775 -R /l'
  133  xdsh shenma[1-10] 'chmod 775 -R /local'
  134  ssh shenma1
  135  exit
  136  ssh shenma1
  137  exit
  138  cd /var/lib/torque/
  139  ls
  140  vim server_name 
  141  cd server_priv/
  142  ls
  143  cd queues/
  144  ls
  145  vim batch 
  146  cd ..
  147  ls
  148  vim nodes
  149  ls
  150  cd ..
  151  ls
  152  cd mom_priv/
  153  ls
  154  vim config 
  155  cd ,,
  156  cd ..
  157  ls
  158  cd server_priv/
  159  ls
  160  cd ..
  161  ls
  162  vim pbs_environment 
  163  cd server_logs/
  164  ls
  165  cd ..
  166  ls
  167  cd mom_logs/
  168  ls
  169  cd ,,
  170  ls
  171  cd ,,
  172  cd ..
  173  ls
  174  vim server_name 
  175  cd server_priv/
  176  ls
  177  vim hostlist/
  178  cd disallowed_types/
  179  ls
  180  cd ..
  181  ls
  182  qmgr 
  183  qmgr --help
  184  ls
  185  cd ..
  186  ls
  187  cd mom_priv/
  188  ls
  189  cd jobs/
  190  ls
  191  cd ..
  192  vim config 
  193  ls
  194  cd ..
  195  ls
  196  cd aux/
  197  ls
  198  cd ..
  199  ls
  200  cd server_priv/
  201  ls
  202  cd disallowed_types/
  203  ls
  204  cd ..
  205  ls
  206  cd arrays/
  207  ls
  208  cd ..
  209  ls
  210  exit
  211  qmgr -c "p s"
  212  qmgr -c 'set queue batch resources_min.nodes=2'
  213  qmgr -c "p s"
  214  qmgr -c 'unset queue batch resources_min.nodes=2'
  215  qmgr -c 'unset queue batch resources_min.nodes'
  216  qmgr -c "p s"
  217  qmgr -c 'unset queue parallel resources_min.nodes=2'
  218  qmgr -c 'set queue parallel resources_min.nodes=2'
  219  qmgr -c "p s"
  220  exit
  221  cd /pkg/modulefiles/applications/
  222  ll
  223  cd vorpal/
  224  ls
  225  ll
  226  cd /pkg/
  227  ls
  228  cd vorpal/
  229  ls
  230  ll
  231  ccd VSim-6.2.0-Linux64/
  232  cd VSim-6.2.0-Linux64/
  233  ls
  234  ll
  235  cd Contents/
  236  ls
  237  ll
  238  cd ..
  239  ls
  240  cd ..
  241  ls
  242  cd vorpal/
  243  ls
  244  ll
  245  chmod 755 VSim-6.2.0-Linux64/
  246  ll
  247  cd VSim-6.2.0-Linux64/Contents/
  248  ll
  249  cd engine/
  250  ll
  251  exit
  252  ssh shenma5
  253  exit
  254  ssh shenma162
  255  cd /var/lib/maui/
  256  ls
  257  vim maui.cfg 
  258  /etc/init.d/maui.d restart
  259  exit
  260  ping shenma161
  261  ssh shenma161
  262  rpower shenma161 status
  263  rpower shenma161 reset
  264  ssh shenma161
  265  ssh shenma162
  266  exit
  267  ip addr
  268  cat /proc/cpuinfo 
  269  ssh shenma162
  270  ssh shenma163
  271  ls
  272  cd /install/
  273  ls
  274  cd 
  275  ssh shenma163
  276  tail /var/log/messages
  277  grep shenma156 /var/log/messages
  278  ping shenma156
  279  rpower shenma156 status
  280  rpower shenma156 reset
  281  ssh shenma156
  282  ssh shenma162
  283  exit
  284  ssh shenma162
  285  exit
  286  ssh shenma163
  287  exit
  288  df -h
  289  ssh shenma162
  290  exit
  291  ssh shenma156
  292  ssh shenma155
  293  ping 10.10.1.156
  294  ping 10.10.1.155
  295  cd /root/bin/
  296  ls
  297  vim BootCluster.sh 
  298  rpower shenma156 on
  299  ping 10.10.1.156
  300  xdsh shenma156 on
  301  watch rpower shenma156 status
  302  ping 10.10.1.156
  303  ssh shenma156
  304  ssh shenma162
  305  exit
  306  ssh shenma155
  307  qstat
  308  exit
  309  cd /var/lib/maui/
  310  ls
  311  vim maui.cfg 
  312  qmgr -c 'p s'
  313  qmgr -c 'unset queue parallel  resources_min.nodes'
  314  qmgr -c 'p s'
  315  exit
  316  watch rpower shenma156 status
  317  xdsh shenma156 reboot
  318  ping 10.10.21.156
  319  ping 10.10.1.156
  320  exit
  321  rpower shenma156 reset
  322  ping 10.10.1.156
  323  ssh shenma156
  324  ping 10.10.1.156
  325  ping 12.0.1.156
  326  ssh shenma156
  327  pbsnodes 
  328  ssh shenma156
  329  exit
  330  ssh shenma156
  331  ssh shenma155
  332  exit
  333  ssh shenma156
  334  exit
  335  cd /var/lib/maui/
  336  ls
  337  vim maui.cfg 
  338  /etc/init.d/maui.d restart
  339  /etc/init.d/pbs_server  restart
  340  ls
  341  vim maui.cfg 
  342  /etc/init.d/maui.d restart
  343  /etc/init.d/pbs_server  restart
  344  exit
  345  ip addr
  346  ping 10.10.1.245
  347  ping 10.10.1.254
  348  ssh 10.10.1.254
  349  ssh 10.10.1.253
  350  ssh 10.10.1.244
  351  ssh shenma
  352  ping 202.127.204.23
  353  ssh shenma11
  354  ls
  355  ping 202.127.204.23
  356  ssh shenma
  357  ssh shenma -p 1022
  358  ssh shenma
  359  ssh root@202.127.204.23
  360  ssh root@202.127.204.23 -p 1022
  361  exit
  362  ssh shenma11
  363  ssh shenma
  364  ssh shenma15
  365  ping 202.127.204.23
  366  ping 202.127.204.22
  367   exit
  368  cd /root/
  369  ls
  370  cd bin/
  371  ls
  372  vim BootCluster.sh 
  373  exit
  374  ssh shenma
  375  ssh shenma -p 1022
  376  ssh root@hpc.ipp.ac.cn
  377  ssh root@hpc.ipp.ac.cn -p 1022
  378  exit
  379  ps -aux |grep balance
  380  exit
  381  ssh shenma162
  382  cd /var/lib/maui/
  383  ls
  384  vim maui.cfg 
  385  exit
  386  ssh shenma162
  387  exit
  388  ssh shenma162
  389  tail /var/log/messages
  390  tail /var/log/secure
  391  ssh -v jhuang@shenma163
  392  ssh shenma162
  393  ssh shenma162
  394  ssh shenma
  395  ssh shenma162
  396  ssh shenma101
  397  ssh shenma102
  398  exit
  399  ssh shenma143
  400  ssh shenma1
  401  eit
  402  exit
  403  ssh shenma104
  404  ssh shenma162
  405  exit
  406  ssh shenma162
  407  exit
  408  ssh shenma11
  409  ssh shenma162
  410  id liuxj
  411  exit
  412  tail /var/log/messages
  413  tail -f /var/log/messages
  414  ssh shenma104
  415  ssh shenma130
  416  ssh shenma52
  417  ssh shenma51
  418  ls
  419  df -h
  420  mount -t nfs 10.10.1.37/ibfs/install /install/
  421  mount -t nfs 10.10.1.37:/ibfs/install /install/
  422  cd /install/archive/
  423  ls
  424  cd binary/
  425  ls
  426  wget http://developer.download.nvidia.com/compute/cuda/repos/rhel6/x86_64/cuda-repo-rhel6-5.5-0.x86_64.rpm
  427  ssh shenma51
  428  rpower shenma54 reset
  429  ssh shenma51
  430  rpower shenma54 status
  431  ping shenma54
  432  ssh shenma54
  433  ls
  434  cd 
  435  ls
  436  scp *.repo shenma54:/etc/yum.repos.d/
  437  ssh shenma54
  438  scp yum.conf shenma54:/etc/
  439  ssh shenma54
  440  ssh shenma51
  441  ssh shenma51
  442  xdsh shenma[51-55] service nscd status
  443  xdsh shenma[51-55] yum install nslcd
  444  scp shenma162://etc/yum.repos.d/CentOS-Base.repo ./
  445  xdcp shenma[51-55] CentOS-Base.repo /etc/yum.repos.d/
  446  ssh shenma54
  447  cd /etc/yum.repos.d/
  448  ls
  449  ls -lh
  450  ssh shenma54
  451  ssh shenma53
  452  ssh salmon@shenma54
  453  ssh yuzhi@shenma54
  454  xdsh shenma[51-55] yum install nslcd
  455  xdsh shenma[51-53,55] yum update
  456  ls
  457  cd 
  458  scp shenma130:/etc/yum.conf ./
  459  xdcp shenma[51-55] yum.conf /etc/
  460  xdsh shenma[51-53,55] yum update
  461  ssh shenma55
  462  xdsh shenma[51-53,55] rm /etc/yum.repos.d/*
  463  xdsh shenma[51-53,55] ls/etc/yum.repos.d/
  464  xdsh shenma[51-53,55] ls /etc/yum.repos.d/
  465  xdsh shenma[51-53,55] rm  /etc/yum.repos.d/local*
  466  xdsh shenma[51-53,55] ls /etc/yum.repos.d/
  467  scp shenma162://etc/yum.repos.d/epel* ./
  468  xdcp shenma[51-53,55] CentOS-Base.repo /etc/yum.repos.d/
  469  xdcp shenma[51-53,55] epel.repo /etc/yum.repos.d/
  470  xdsh shenma[51-53,55] yum update
  471  xdsh -y shenma[51-53,55] yum update
  472  xdsh  shenma[51-53,55] yum -y update
  473  xdsh  shenma[51-53,55] rpm -i /install/archive/binary/cuda-repo-rhel6-5.5-0.x86_64.rpm 
  474  xdsh  shenma[51-53,55] yum install cuda
  475  xdsh  shenma[51-53,55] yum -y install cuda
  476  ps aux
  477  xdsh  shenma[51-53,55] pkill yum
  478  xdsh  shenma[51-53,55] yum install -y nss-pam-ldapd.x86_64
  479  scp shenma105:/etc/nslcd.conf ./
  480  xdcp shenma[51-53,55] nslcd.conf /etc/
  481  xdsh  shenma[51-53,55] service nslcd status
  482  xdsh  shenma[51-53,55] service nslcd start
  483  ssh shenma53
  484  xdsh  shenma[51-53,55] chkconfig nslcd on
  485  xdsh  shenma[51-53,55] service nslcd status
  486  ssh shenma53
  487  scp shenma105:/etc/nsswitch.conf ./
  488  xdcp shenma[51-53,55] nsswitch.conf /etc/
  489  ls /home -l
  490  scp shenma105:/etc/sysconfig/authconfig ./
  491  xdcp shenma[51-53,55] authconfig /etc/sysconfig/
  492  xdcp shenma[51-55] shutdown -r now
  493  xdsh shenma[51-55] shutdown -r now
  494  ssh shenma53
  495  ssh shenma52
  496  mutt
  497  man yum 
  498  ssh shenma53
  499  ls
  500  ssh shenma51
  501  xdsh shenma[51-55] nvidia-smi 
  502  ssh fermi
  503  ssh 10.10.1.244
  504  rpower fermi status
  505  ssh 10.10.1.244
  506  ls
  507  rm *.conf
  508  ls
  509  rm *.repo
  510  ls
  511  rm *.png
  512  ls
  513  cd /install/scripts/
  514  ls
  515  vim add_node.ssh 
  516  ssh fermi
  517  cd 
  518  ssh 10.10.1.244
  519  xdsh shenma[51-55] hostname
  520  ssh shenma54
  521  tail /var/log/messages
  522  tail -n 2000  /var/log/messages|grep fermi
  523  netaddr 
  524  nmap 
  525  nmap 10.10.21.100-254
  526  ssh shenma162
  527  ssh shenma161
  528  ssh shenma160
  529  exirt
  530  exit
  531  ping shenma51
  532  ping shenma54
  533  rpower shenma[51-55] status
  534  ping shenma51
  535  ping shenma54
  536  xdsh shenma[51-55] cat /etc/issue
  537  xdsh shenma[51-55] yum -y update
  538  xdsh shenma[51-55] nvidia-smi -a
  539  ssh shenam52
  540  ssh shenam51
  541  ssh shena51
  542  ssh shenma51
  543  ssh shenma54
  544  xdsh shenma[51-55] yum -y install openldap-clients nss-pam-ldapd
  545  xdsh shenma[51-55] grep LDAP /etc/sysconfig/authconfig 
  546  xdcp shenma[51-55] authconfig /etc/sysconfig/
  547  xdsh shenma[51-55] grep ldap /etc/pam.d/system-auth
  548  vim /etc/pam.d/system-auth
  549  vim /etc/openldap/ldap.conf 
  550  xdcp shenma[51-55] /etc/openldap/ldap.conf /etc/openldap/
  551  xdcp shenma[51-55] /etc/pam_ldap.conf /etc/
  552  xdcp shenma[51-55] /etc/pam.d/system-auth /etc/pam.d/
  553  xdcp shenma[51-55] /etc/nsswitch.conf /etc/
  554  xdcp shenma[51-55] /etc/sysconfig/authconfig /etc/sysconfig/
  555  xdcp shenma[51-55] chkconfig nslcd on
  556  xdsh  shenma[51-55] chkconfig nslcd on
  557  xdsh  shenma[51-55] grep ldap /etc/nsswitch.conf 
  558  xdsh  shenma[51-55] grep ldap /etc/nsswitch.conf |sort
  559  ssh shenma51
  560  xdsh  shenma[51-55] yum install -y cuda
  561  ssh fermi
  562  ssh 10.10.1.244
  563  tail /var/log/messages
  564  ls
  565  cd /var/lib/maui/
  566  ls
  567  vim maui.cfg 
  568  /etc/init.d/maui.d restart
  569  exit
  570  /etc/init.d/pbs_server restart
  571  /etc/init.d/pbs_server restus
  572  /etc/init.d/pbs_server status
  573  exit
  574  cd /var/lib/maui/
  575  ls
  576  vim maui.cfg 
  577  /etc/init.d/maui.d restart
  578  /etc/init.d/pbs_server restart
  579  exit
  580  cd /var/lib/maui/
  581  ls
  582  vim maui.cfg 
  583  exit
  584  cd /var/lib/maui/
  585  ls
  586  vim maui.cfg 
  587  /etc/init.d/pbs_server restart
  588  /etc/init.d/maui.d restart
  589  vim maui.cfg 
  590  /etc/init.d/pbs_server restart
  591  /etc/init.d/maui.d restart
  592  exit
  593  ssh shenma6
  594  exit
  595  ssh shenma162
  596  exit
  597  qmgr -c 'p s'
  598  qmgr -c 'set queue parallel max_user_run = 15'
  599  qmgr -c 'p s'
  600  qmgr -c 'unset queue  parallel max_user_run '
  601  qmgr -c 'p s'
  602  cd /var/lib/maui/
  603  ls
  604  vim maui.cfg 
  605  /etc/init.d/pbs_server restart
  606  /etc/init.d/maui.d restart
  607  exit
  608  ifconfig 
  609  cd /var/lib/maui/
  610  ls
  611  vim maui.cfg 
  612  /etc/init.d/pbs_server restart
  613  /etc/init.d/maui.d restart
  614  qstat
  615  qstat -u sding
  616  vim  /etc/sysconfig/network-scripts/ifcfg-eth0 
  617  ifconfig 
  618  exir
  619  exit
  620  ssh shenma
  621  ssh root@shenma -p 1022
  622  ssh root@202.127.204.23 -p 1022
  623  ifconfig -a
  624  exit
  625  ssh root@202.127.204.23 -p 1022
  626  exit
  627  ssh shenma5
  628  exit
  629  ssh shenma11
  630  exit
  631  rpower shenma156 status
  632  rpower shenma156 on
  633  ssh shenma11
  634  ssh shenma1
  635  xdsh shenma[1-10] 'yum install tetex-tex4ht.x86_64'
  636  xdsh shenma[1-10] 'yum install tetex-tex4ht.x86_64 -y '
  637  xdsh shenma[1-10] 'which htlatex '
  638  xdsh shenma[1-10] 'which dot '
  639  xdsh shenma[1-10] 'graphviz.x86_64  -y '
  640  xdsh shenma[1-10] 'yum install graphviz.x86_64  -y '
  641  xdsh shenma[1-10] 'which dot '
  642  xdsh shenma[1-10,162,163] 'which dot '
  643  exit
  644  ssh shenma156
  645  cd /var/lib/maui/
  646  ls
  647  vim maui.cfg 
  648  /etc/init.d/pbs_server restart
  649  /etc/init.d/maui.d restart
  650  exit
  651  showq
  652  cd /var/lib/maui/
  653  ls
  654  vim maui.cfg 
  655  /etc/init.d/pbs_server restart
  656  /etc/init.d/maui.d restart
  657  qstat
  658  vim maui.cfg 
  659  /etc/init.d/pbs_server restart
  660  /etc/init.d/maui.d restart
  661  qstat
  662  showq
  663  exit
  664  ssh shenma152
  665  ssh shenma156
  666  ssh shenma159
  667  exit
  668  showq 
  669  qstat
  670  yum search graphviz
  671  yum search imagemagick
  672  yum search TeXLive
  673  exit
  674  showq
  675  exit
  676  su - jhuang
  677  exit
  678  ssh shenma11
  679  exit
  680  ssh shenma11
  681  exit
  682  cd /root/
  683  ls
  684  vim add_modulefiles.sh 
  685  vim mount_nodes.sh 
  686  ls
  687  cd bin/
  688  ls
  689  vim ShutdownCluster.sh 
  690  vim rc.local 
  691  vim mount_dirs.sh 
  692  vim MountFileSystem.sh 
  693  vim parallel_do.sh 
  694  vim TC2600_MountDirs.sh 
  695  vim ShutdownCluster.sh 
  696  cp ShutdownCluster.sh /install/build/liuxj/script/
  697  cp BootCluster.sh  /install/build/liuxj/script/
  698  cp TC2600_MountDirs.sh /install/build/liuxj/script/
  699  cp MountFileSystem.sh/install/build/liuxj/script/
  700  cp MountFileSystem.sh /install/build/liuxj/script/
  701  vim MountFileSystem.sh 
  702  ssh root@10.10.1.36
  703  ssh root@10.10.1.37
  704  ssh root@10.10.1.38
  705  ssh root@10.10.1.39
  706  ssh root@10.10.1.35
  707  exit
  708  ping 202.127.204.47
  709  ping 10.10.1.70
  710  ping 10.10.1.212
  711  ping 10.10.1.213
  712  ping 10.10.1.214
  713  ping 10.10.1.200
  714  rdesktop 202.127.204.47
  715  rdesktop 10.10.1.212
  716  exit
  717  ssh shenma156
  718  ssh 10.10.1.254
  719  ssh 10.10.1.245
  720  ping  10.10.1.245
  721  ssh fermi
  722  ping 10.10.1.245
  723  ssh shenma
  724  ssh shenma11
  725  ssh shenma11 -p 1022
  726  exit
  727  ssh 10.10.1.244
  728  ps aux
  729  df -h
  730  ping 10.10.1.37
  731  ssh  10.10.1.37
  732  rpower shenma162
  733  rpower shenma162 on
  734  ping shenma162
  735  ssh shenma162
  736  ssh  10.10.1.35
  737  ssh  10.10.1.36
  738  ssh  10.10.1.37
  739  ssh  10.10.1.38
  740  ssh  10.10.1.36
  741  ssh  10.10.1.37
  742  ssh  10.10.1.38
  743  ping   10.10.1.3
  744  ping   10.10.1.37
  745  ping   10.10.1.36
  746  ping   10.10.1.35
  747  ssh  10.10.1.35
  748  ping   10.10.1.35
  749  ping   10.10.1.36
  750  ping   10.10.1.37
  751  ping   10.10.1.38
  752  ping   10.10.1.39
  753  ssh  10.10.1.39
  754  ssh shenma163
  755  ssh shenma162
  756  qstat 
  757  showq
  758  ssh shenma162
  759  ip addr
  760  ssh shenma163
  761  man halt
  762  xdsh shenma[162,163] shutdown  +5 "cluster will be closed in 5min"
  763  xdsh shenma[162,163] "shutdown  +5 \"cluster will be closed in 5min\""
  764  ssh shenma162
  765  xdsh shenma[162,163] "shutdown  -k +5 \"cluster will be closed in 5min\""
  766  ssh shenma162
  767  xdsh shenma[101-161] halt 
  768  ssh shenma51
  769  xdsh shenma[51-55] halt 
  770  ls
  771  ssh shenma61
  772  ssh 10.10.1.64
  773  rpower node[61-64] status
  774  rpower shenma[61-64] status
  775  nodels 
  776  rpower shenma[64-68] status
  777  rpower node[64-68] status
  778  rpower shenma[51-55,101-163] status
  779  rpower shenma[51-55,101-163] status|grep on
  780  ssh shenma162
  781  rpower shenma[162,163] off
  782  xdsh node[64-67] halt 
  783  rpower node[64-67] status
  784  watch rpower node[64-67] status
  785  xdsh node[68] halt 
  786  watch rpower node[68] status
  787  df -h
  788  umount /install/
  789  umount /pkg/
  790  df -h
  791  tail /etc/mtab 
  792  umount /scratch/
  793  ssh 10.10.1.38
  794  ssh 10.10.1.37
  795  ssh shenma156
  796  ping 10.10.1.156
  797     :q
  798  halt
  799  ping 10.10.1.244
  800  ping 10.10.1.245
  801  ip addr
  802  ping 10.10.1.245
  803  ping 10.10.1.244
  804  ping 10.10.1.246
  805  ping 10.10.1.245
  806  ssh 10.10.1.245
  807  ssh 10.10.1.245 -p1022
  808  ssh 10.10.1.244
  809  0   
  810  df -h
  811  mount -t nfs 10.10.1.37:/ibfs/install /install/
  812  cd /install/
  813  ls
  814  cd 
  815  ssh node68
  816  rpower node[64-67] on
  817  tail -f /var/log/messages
  818  ping 12.1.0.64
  819  ping 12.0.1.64
  820  ping 12.0.1.65
  821  ping 12.0.1.66
  822  ping 12.0.1.67
  823  df -h
  824  tail /var/log/messages
  825  tail -f /var/log/messages
  826  tail -f /var/log/messages|grep node6
  827  ssh node 64
  828  ssh node64
  829  ssh node65
  830  ssh node66
  831  ssh node67
  832  ssh node65
  833  ssh node66
  834  ssh node65
  835  ssh node64
  836  cd bin/
  837  ls
  838  vim BootCluster.sh 
  839  mount -t lustre -o flock 12.0.1.64@o2ib0:12.0.1.65@o2ib0:/ParaStor /scratch
  840  cd 
  841  mount -t lustre -o flock 12.0.1.64@o2ib0:12.0.1.65@o2ib0:/ParaStor /scratch
  842  ps aux|grep balance
  843  mount -t lustre -o flock 12.0.1.64@o2ib0:12.0.1.65@o2ib0:/ParaStor /scratch
  844  DF -H
  845  df -h
  846  umount /scratch/
  847  umount /install/
  848  ssh shenma162
  849  ssh shenma163
  850  rpower shenma[51-55] status
  851  rpower shenma[51-55] on
  852  rpower shenma[101-161] on
  853  rpower shenma[1-10] on
  854  rpower shenma[1-10,51-55] status
  855  xdsh shenma[1-10,51-55,162-163] "ls /scratch|wc -l"
  856  ssh shenma163
  857  xdsh shenma[1-10,51-55,162-163] "ls /scratch|wc -l"
  858  ssh shenma1
  859  xdsh shenma[1-10,51-55,162-163] "ls /scratch|wc -l"
  860  xdsh shenma[1-10,51-55,162-163] "ls /scratch|wc -l"|sort
  861  xdsh shenma[1-10,51-55,162-163] "ls /scratch|wc -l"|grep 142
  862  xdsh shenma[1-10,51-55,162-163] "ls /scratch|wc -l"|grep ": 0"
  863  ssh shenma2
  864  xdsh shenma[2-10] "mount -t lustre -o flock 12.0.1.64@o2ib0:12.0.1.65@o2ib0:/ParaStor /scratch"
  865  xdsh shenma[1-10,51-55,162-163] "ls /scratch|wc -l"|grep ": 0"
  866  xdsh shenma[1-10,51-55,162-163] "ls /scratch|wc -l"
  867  rpower shenma[101-131] on
  868  showq
  869  xdsh shenma[1-10,51-55,101-163] "ls /scratch|wc -l"
  870  rpower shenma[132-161] on
  871  xdsh shenma[1-10,51-55,101-163] "ls /scratch|wc -l"
  872  rpower shenma[132-161] status
  873  xdsh shenma[1-10,51-55,101-163] "ls /scratch|wc -l"
  874  xdsh shenma[1-10,51-55,101-163] "ls /scratch|wc -l"|grep ": 0"
  875  xdsh shenma[1-10,51-55,101-163] "ls /home|wc -l"
  876  ssh shenma122
  877  ping shenma122
  878  xdsh shenma[1-10,51-55,101-163] "ls /home|wc -l"
  879  xdsh shenma[1-28,51-55,101-163] "ls /home|wc -l"
  880  xdsh shenma[1-10,51-55,101-163] "ls /home|wc -l"
  881  xdsh shenma[1-10,51-55,101-163] "ls /scratch|wc -l"
  882  xdsh shenma[1-10,51-55,101-163] "ls /scratch|wc -l"|grep ": -"
  883  xdsh shenma[1-10,51-55,101-163] "ls /scratch|wc -l"|grep ": 0"
  884  xdsh shenma[105,117,122,141,161] "mount -t lustre -o flock 12.0.1.64@o2ib0:12.0.1.65@o2ib0:/ParaStor /scratch"
  885  xdsh shenma[1-10,51-55,101-163] "ls /scratch|wc -l"|grep ": 0"
  886  xdsh shenma[1-10,51-55,101-163] "ls /home|wc -l"
  887  xdsh shenma[1-10,51-55,101-163] "ls /home|wc -l"|grep "171"
  888  xdsh shenma[1-10,51-55,101-163] "ls /home|wc -l"|grep "171"|wc -l
  889  xdsh shenma[1-10,51-55,101-163] "ls /home|wc -l"|wc -l
  890  xdsh shenma[1-28,51-55,101-163] "ls /home|wc -l"|wc -l
  891  xdsh shenma[1-28,51-55,101-163] "ls /home|wc -l"
  892  ssh shenma22
  893  xdsh shenma[11-28] mount -t nfs 10.10.1.37:/ibfs/home /home
  894  xdsh shenma[11-28] mount -t nfs 10.10.1.37:/ibfs/pkg/pkg_centos5 /pkg
  895  ls
  896  cd bin/BootCluster.sh 
  897  vim bin/BootCluster.sh 
  898  xdsh shenma[11-28] umount /home
  899  xdsh shenma[11-28] umount /pkg/
  900  xdsh shenma[11-28] umount /project/
  901  xdsh shenma[11-28] mount -t nfs -o ro 10.10.1.37:/ibfs/pkg/pkg_centos5 /pkg
  902  xdsh shenma[11-28] mount -t nfs -o ro 10.10.1.37:/ibfs/pkg/home /home
  903  xdsh shenma[11-28] mount -t nfs -o ro 10.10.1.37:/ibfs/home /home
  904  xdsh shenma[11-28] mount -t nfs -o ro 10.10.1.37:/ibfs/project /project
  905  ssh shenma4
  906  ssh shenma14
  907  xdsh shenma[11-28] umount /install/
  908  ssh shenma15
  909  ssh shenma16
  910  ssh shenma
  911  ssh 10.10.1.245
  912  ssh 10.10.1.244
  913  ip addr
  914  ssh 10.10.1.244
  915  ssh 10.10.1.244 -p 1022
  916  ssh 10.10.1.245 -p 1022
  917  ssh shenma162
  918  ssh shenma103
  919  vim bin/BootCluster.sh 
  920  xdsh shenma[101-163] "ls /home|wc "
  921  xdsh shenma[101-163] "ls /home|wc -c "
  922  xdsh shenma[101-163] "ls /home|wc -l "
  923  xdsh shenma[101-163] "ls /home -l|wc -l "
  924  xdsh shenma[101-163] "ls /home |wc -l "
  925  xdsh shenma[1-28,51-55,101-163] "ls /home |wc -l "
  926  xdsh shenma[1-28,51-55,101-163] "ls /project |wc -l "
  927  xdsh shenma[1-28,51-55,101-163] "ls /pkg |wc -l "
  928  xdsh shenma[1-28,51-55,101-163] "ls /scratch |wc -l "
  929  ssh 10.10.1.245 -p 1022
  930  ssh 10.10.1.245 -p1022
  931  ssh shenma14
  932  xdsh shenma[11] mount -t nfs 12.12.2.253:/public/scratch /scratch
  933  ssh shenma11
  934  ssh shenma12
  935  xdsh shenma[11] mount -t nfs 10.10.1.245:/public/scratch /scratch
  936  xdsh shenma[12-28] mount -t nfs 10.10.1.245:/public/scratch /scratch
  937  df -h
  938  ps aux
  939  xdsh shenma[1-28,51-55,101-163] "ls /pkg |wc -l "
  940  xdsh shenma[1-28,51-55,101-163] "ls /scratch |wc -l "
  941  df -h
  942  ps aux|grep balance
  943  vim bin/BootCluster.sh 
  944  balance 22 shenma162:22 shenma163:22 &
  945  df -h
  946  exit
  947  ssh shenma1
  948  exit
  949  module avail
  950  df -h
  951  exigt
  952  exit
  953  cd /root/bin/
  954  ls
  955  vim MountFileSystem.sh 
  956  less MountFileSystem.sh 
  957  less MountFileSystem.sh &
  958  more  MountFileSystem.sh 
  959  mount -t nfs -o rw,rsize=8192,wsize=8192,timeo=14,intr 10.10.1.36:/ibfs/pkg /pkg
  960  df -h
  961  mount -t nfs -o rw,rsize=8192,wsize=8192,timeo=14,intr 10.10.1.37:/ibfs/install  /install
  962  df -h
  963  cd /install/build/liuxj/script/
  964  ls
  965  nore Bootnode.sh
  966  more Bootnode.sh
  967  ssh shenma1
  968  xdsh shenma[1-10] 'mount -t nfs 10.10.1.1:/local/ /l/shenma1'
  969  xdsh shenma[1-10] 'mount -t nfs 10.10.1.2:/local/ /l/shenma2'
  970  xdsh shenma[1-10] 'df -h'
  971  more Bootnode.sh
  972  xdsh shenma[1-10] 'mount -t nfs 10.10.1.2:/local/ /l/shenma2'
  973  xdsh shenma[1-10] 'mount -t nfs 10.10.1.3:/local/ /l/shenma3'
  974  ls
  975  vim TC2600_MountDirs.sh 
  976  ssh shenma1
  977  ssh shenma2
  978  ls
  979  more nfs.sh
  980  exit
  981  cd /usr/local/flexlm/
  982  ls
  983  ./lmgrd.rc 
  984  ps aux|grep lmgrd
  985  ls
  986  vim server.lic 
  987  module avail
  988  module load  compiler/intel/2013 
  989  which icc
  990  cd /scratch/
  991  ls
  992  icc
  993  ls
  994  cd -
  995  ls
  996  vim lmgrd.rc 
  997  exit
  998  history 
  999  vim history.log 
 1000  history >history1.log 
