    7  mv CQL3D/ trash/
    8  ls
    9  mv cql3d trash/
   10  ls
   11  vim trash/cql3d/makefile 
   12  ls
   13  cd trash/
   14  ls
   15  cd CQL3D/
   16  ls
   17  mv cql3d_cswim_svn_110224.tar.gz ../../
   18  ls
   19  cd ..
   20  ls
   21  mv cql3d_cswim_svn_110224 trash/
   22  pwd
   23  ls
   24  cd trash/cql3d/
   25  ls
   26  pwd
   27  ls
   28  vim makefile 
   29  ls
   30  grep gfortran64 ./hu_makefile/*
   31  cd hu_makefile/
   32  ls
   33  cp makefile_gfortran64 /tmp/cql3d_cswim_svn_110224/
   34  cd ..
   35  cp a_cqlp.f /tmp/cql3d_cswim_svn_110224/
   36  pwd
   37  cd ..
   38  ls
   39  mv cql3d ../
   40  ls
   41  ls ../../pkg/20130428/gcc-4.4/bin/ -l
   42  cd /pkg/pgplot/
   43  ls
   44  ls -lh
   45  cd 5.2/
   46  ls
   47  ls -lh
   48  cd gcc-4.4/
   49  ls
   50  ls -lh
   51  cd ..
   52  ls
   53  mv gcc-4.4/ gcc-4.4.bad
   54  ls
   55  mkdir gcc-4.4
   56  chown yuzhi:develop -R gcc-4.4
   57  ls
   58  cd gcc-4.4
   59  ls
   60  mkdir drivers
   61  ls
   62  ls -lh
   63  chown yuzhi:develop -R drivers
   64  ssh shenma162
   65  ssh shenma
   66  exit
   67  ls
   68  yum search numpy
   69  xdsh shenma[162-163] yum install numpy
   70  xdsh shenma[162-163] yum install Pyro
   71  xdsh shenma[162-163] yum install Pyro4
   72  yum search pyro
   73  xdsh shenma[162-163] yum install python-pyro
   74  xdsh shenma[162-163] yum install python-pyro -y
   75  yum search mathplotlib
   76  yum search matplotlib
   77  xdsh shenma[162-163] yum install python-matplotlib -y
   78  xdsh shenma[162-163] yum install python-matplotlib-tk -y
   79  xdsh shenma[162-163] yum install python-scipy -y
   80  yum search scipy
   81  yum search scipy
   82  yum search quantities
   83  yum search mayavi
   84  yum search maya
   85  ls
   86  ssh shenma163
   87  ssh shenma162
   88  ssh shenma163
   89  scp shenma163:/etc/yum.conf ./
   90  scp shenma163:/etc/yum.repos.d/CentOS-Base.repo ./
   91  vim yum.conf 
   92  xdcp shenma[101-163] yum.conf /etc/
   93  ssh shenma101
   94  vim yum.conf 
   95  xdcp shenma[101-163] yum.conf /etc/
   96  ssh shenma101
   97  ls
   98  xdsh shenma[162-163] yum install -y compat-gcc-34-g77
   99  ls
  100  ssh shenma163
  101  ssh shenma162
  102  ssh shenma163
  103  ssh shenma162
  104  ssh shenma163
  105  cd /var/lib/
  106  ls
  107  ssh shenma
  108  ssh shenma -p 1022
  109  xdsh shenma[162-163] yum erase -y compat-gcc-34-g77
  110  qstat 
  111  qstat -u
  112  qstat -u yuzhi
  113  qstat -u lidehui
  114  showq
  115  vim /var/lib/maui/maui.cfg 
  116  service maui.d status
  117  service maui.d restart
  118  qstat 
  119  showq
  120  qstat -a
  121  qstat -u lidehui
  122  vim /var/lib/maui/maui.cfg 
  123  service maui.d restart
  124  qstat -u lidehui
  125  su - yuzhi
  126  xdsh shenma[162-163] yum install python-ipython
  127  yum search ipython
  128  xdsh shenma[162-163] yum install ipython
  129  xdsh shenma[162-163] yum install -y ipython
  130  yum search scipy
  131  yum search atlas
  132  rpm -qa atlas
  133  xdsh shenma[162-163] rpm -qa|grep atlas
  134  xdsh shenma[162-163] rpm -qa|grep matplotlib
  135  xdsh shenma[162-163] rpm -qa|grep tk
  136  xdsh shenma[162-163] rpm -qa|grep tcl
  137  ls
  138  ipython
  139  yum install ipython
  140  ipython -pylab
  141  ls
  142  yum search pytables
  143  yum search tables
  144  yum search tables|grep hdf5
  145  easy_install pytables
  146  easy_install tables
  147  yum search numexpr
  148  easy_install numexpr
  149  easy_install numpy
  150  easy_install numexpr
  151  easy_install scipy
  152  ls
  153  cd /pkg/
  154  ls
  155  python -v
  156  python -V
  157  cd /pkg/modulefiles/PrgEnv/
  158  ls
  159  cd python/
  160  ls
  161  cp ../compiler/gcc/4.4 2.6.6
  162  ls
  163  vim 2.6.6 
  164  man python
  165  ls
  166  vim 2.6.6 
  167  ls
  168  module list 
  169  module avail 
  170  module load python/2.6.6 
  171  echo $PYTHON_VER 
  172  vim 2.6.6 
  173  module load python/2.6.6 
  174  vim 2.6.6 
  175  module load python/2.6.6 
  176  echo $PYTHON_MOD_PATH 
  177  module list 
  178  ls
  179  chown yuzhi:develop 2.6.6 
  180  ls
  181  cd /pkg/python-libs
  182  cd /var/lib/maui/
  183  ls
  184  vim maui.cfg 
  185  /etc/init.d/maui.d restart
  186  vim maui.cfg 
  187  qstat
  188  qstat -G
  189  qstat -G parallel
  190  vim maui.cfg 
  191  exit
  192  cd /var/lib/maui/
  193  vim maui.cfg 
  194  qstat
  195  ls
  196  vim maui.ck
  197  ls
  198  vim maui-private.cfg 
  199  vim maui.pid 
  200  exit
  201  su - yuzhi
  202  xdsh shenma[162-163] yum install -y qt-devel
  203  xdsh shenma[162-163] yum install -y pytqt
  204  yum search pyqt
  205  yum search pyqt4
  206  xdsh shenma[162-163] yum install -y pyqt4
  207  xdsh shenma[162-163] yum install -y PyQt4
  208  xdsh shenma[162-163] yum install -y PyGtk
  209  xdsh shenma[162-163] yum install -y PyGtk2
  210  xdsh shenma[162-163] yum install -y pygtk2
  211  xdsh shenma[162-163] yum install -y pygtk2-devel
  212  xdsh shenma[162-163] yum install -y PyQt4-devel
  213  xdsh shenma[162-163] yum install -y vtk-devel
  214  xdsh shenma[162-163] yum install -y qt4-devel
  215  ssh shenma162
  216  history 
  217  su - yuzhi
  218  yum search qt-devel
  219  yum install qt-devel
  220  yum update
  221  ls
  222  scp shenma163:/etc/yum.conf /etc/
  223  yum update
  224  ls
  225  ls
  226  yum update
  227  ps aux
  228  cd \u2022CentOS:
  229  $ sudo yum install libX11-devel
  230  cd /var/spool/torque/server_priv
  231  cd /var/spool/mqueue/
  232  ls
  233  cd ..
  234  ls
  235  'pwd
  236  pwd
  237  cd ..
  238  ls
  239  cd lib/
  240  ls
  241  cd torque/
  242  ls
  243  cd server_priv/
  244  ls
  245  vim nodes
  246  ls
  247  cd queues/
  248  ls
  249  vim parallel 
  250  ll
  251  ll -a
  252  cd parallel 
  253  more parallel 
  254  ls
  255  od parallel 
  256  ls
  257  cd ..
  258  ls
  259  cd acl_groups/
  260  ls
  261  cd ..
  262  ls
  263  cd hostlist/
  264  ls
  265  cd ..
  266  ls
  267  cd acl_users/
  268  ls
  269  cd ..
  270  ls
  271  cd disallowed_types/
  272  ls
  273  cd ..
  274  ls
  275  cd ..
  276  ls
  277  exit
  278  cd /pkg/
  279  ls
  280  ls -;lh
  281  ls -lh
  282  chmod g-w intel/
  283  chmod g-w vorpal/
  284  ls
  285  ls -lh
  286  chown yuzhi:develop vorpal/
  287  ls
  288  ls -lh
  289  chmod g-w maui/
  290  ls mdsplus/
  291  ls -lh |grep yuzhi
  292  ls public/
  293  ls mvapich2/
  294  ls mvapich2/ -lh
  295  chmod g-w ./*
  296  ls
  297  ls -lh
  298  module avail 
  299  vim /etc/profile.d/modules.sh 
  300  module avail 
  301  ssh shenma162
  302  ssh shenma163
  303  cd /pkg/
  304  ls
  305  ls -lh
  306  mv tmp/ TODELETE
  307  ls
  308  ls TODELETE/
  309  ls
  310  ls modulefiles-avail/
  311  ls
  312  mv modulefiles-* TODELETE/
  313  ls
  314  mkdir TODELETE/trash
  315  ls
  316  cd TODELETE/
  317  ls
  318  mv * trash/
  319  ls
  320  cd ..
  321  mv modulefiles-* TODELETE/
  322  ls
  323  module avail 
  324  ls
  325  which maui
  326  which showq
  327  ls
  328  ls -lh
  329  ls intel/
  330  ls
  331  ls -lh
  332  module avail 
  333  ls -lh
  334  ls -lh pgplot/
  335  ls -lh pgplot/5.2/
  336  cd pgplot/
  337  ls
  338  cd 5.2/
  339  ls
  340  rm -rf develop/
  341  ls
  342  ls -lh
  343  cd ..
  344  ls
  345  cd ..
  346  ls
  347  ls -lh
  348  chown yuzhi -R pgplot/
  349  ls -lh
  350  cd modulefiles/
  351  ls
  352  ls -lh
  353  ls develop/
  354  ls
  355  ls applications/
  356  ls applications/ -lh
  357  cd ..
  358  ls
  359  ls -lh
  360  chmod g-w modulefiles/ -R
  361  ls
  362  ls -lh
  363  chgrp develop -R ntcc/
  364  ls -lh
  365  ls gcc/
  366  ls
  367  mv gcc TODELETE/
  368  ls
  369  ls -lh
  370  module list 
  371  module avail 
  372  ls fftw/
  373  ls fftw/ -lh
  374  mv fftw/3.2.2/ TODELETE/
  375  mv fftw/3.3.2/ TODELETE/
  376  ls
  377  module avail 
  378  ls
  379  ls -lh
  380  ls
  381  module list 
  382  module avail 
  383  cd modulefiles/libraries/
  384  ls
  385  cd pgplot/
  386  ls
  387  rm develop 
  388  module list 
  389  module avail 
  390  ls
  391  ls -lh
  392  cd ..
  393  ls
  394  cd 
  395  ls
  396  cd /pkg/
  397  ls
  398  ls -lh
  399  ip add
  400  cat /etc/lsb-release
  401  cat /etc/issue
  402  ssh shenma163
  403  su - zw
  404  exit
  405  scp shenma163:/etc/profile.d/modules.sh 10.10.1.244:/etc/profile.d/
  406  rpm -qa|grep ipython
  407  yum erase ipython
  408  su yuzhi
  409  su - yuzhi
  410  ssh shenma162
  411  ls
  412  cd /usr/lib
  413  ls
  414  ssh shenma162
  415  ssh fermi
  416  ssh 10.10.1.44
  417  ssh 10.10.1.244
  418  ssh shenma162
  419  scp shenma162:/etc/passwd 10.10.1.244:/etc/
  420  scp shenma162:/etc/group 10.10.1.244:/etc/
  421  scp shenma162:/etc/gshadow 10.10.1.244:/etc/
  422  scp shenma162:/etc/shadow 10.10.1.244:/etc/
  423  ssh 10.10.10.1.244
  424  ssh 10.10.1.244
  425  ssh shenma
  426  exit
  427  ssh shenma
  428  exit
  429  echo $host
  430  echo $hostname
  431  ssh shenma101
  432  exit
  433  xdsh shenma[162-163] yum install -y blt
  434  ssh shenma163
  435  ssh shenma162
  436  ssh shenma163
  437  su - zw
  438  exit
  439  su - zw
  440  exit
  441  cd /var/lib/
  442  ls
  443  cd maui/
  444  ls
  445  vim maui.cfg 
  446  vim maui-private.cfg
  447  exit
  448  cd /var/lib/maui/
  449  ls
  450  vim maui.cfg 
  451  locate torque
  452  locate torque | less
  453  ls
  454  cd ..
  455  ls
  456  cd ..
  457  ;s
  458  ls
  459  cd spool/
  460  ls
  461  locate pbs_server
  462  cd /usr/sbin/
  463  ls
  464  vim pbs_server 
  465  cd ..
  466  cd /var/lib/torque/
  467  ls
  468  ll
  469  cd server_priv/
  470  ls
  471  cd ..
  472  ls
  473  vim pbs_environment 
  474  ls
  475  cd mom_priv/
  476  ls
  477  vim config 
  478  cd ..
  479  ls
  480  cd server_priv/
  481  ls
  482  cd queues/
  483  ls
  484  cd ..
  485  ls
  486  cd acl_users/
  487  ls
  488  cd ..
  489  ls
  490  cd accounting/
  491  ls
  492  cd ..
  493  ls
  494  cd ..
  495  ls
  496  cd aux/
  497  ls
  498  cd ..
  499  ls
  500  exit
  501  cd /var/lib/maui/
  502  ls
  503  vim maui.cfg 
  504  exit
  505  ps
  506  xdsh shenma[101-163] ps aux|grep GeFi
  507  qstat 
  508  xdsh shenma[101-163] ps aux|grep GeFi
  509  xdsh shenma[101-163] ps aux|grep NoPump
  510  ls
  511  ps aux |grep firefox
  512  sh /home/liuxj/creatnewuser.sh chengzf visitor
  513  exit
  514  su - zw
  515  exit
  516  su - liuxj
  517  cd /pkg/
  518  ls
  519  mkdir superlu
  520  ll
  521  chown liuxj:develop  -R superlu/
  522  ll
  523  su - liuxj
  524  exit
  525  ssh shenma
  526  exit
  527  ssh shenma
  528  exit
  529  ssh shenma
  530  exit
  531  ssh shenma162
  532  exit
  533  ssh shenma164
  534  ssh shenma163
  535  ssh shenma162
  536  ssh 10.10.1.36
  537  ssh 10.10.1.35
  538  ssh 10.10.1.36
  539  yum search nx
  540  yum install freenx
  541  service freenx-server status
  542  service freenx-server restart
  543  service freenx-server stop
  544  tail /var/log/messages
  545  tail /var/log/secure
  546  tail -f /var/log/secure
  547  service  freenx-server  status
  548  service  freenx-server  
  549  nxsetup --help
  550  nxsetup --reinstall
  551  nxsetup --uninstall
  552  nxsetup --uninstall --purge
  553  vim /etc/nxserver/node.conf
  554  nxsetup --install 
  555  locate nxsetup
  556  vim /usr/bin/nxsetup 
  557  locate server.cfg
  558  ls
  559  rpm -qa |grep freenx
  560  ls /usr/NX
  561  ls
  562  ls /usr/share/nx
  563  ls /usr/share/nx*
  564  ls /usr/share/
  565  vim /etc/init.d/freenx-server 
  566  locat nxloadconfig
  567  locate nxloadconfig
  568  vim /usr/bin/nxloadconfig 
  569  nxsetup --help
  570  nxsetup --uninstall --purge
  571  nxsetup --install 
  572  ls
  573  yum reinstall freenx
  574  vim /usr/bin/nxloadconfig 
  575  nxsetup --test
  576  nxsetup --install
  577  nxsetup --test
  578  yum remove --purge  freenx
  579  yum erase --purge  freenx
  580  ls /etc/nxserver/
  581  yum install  freenx
  582  nxsetup --test
  583  ssh shenma
  584  exit
  585  su - sding
  586  ssh shenma
  587  exit
  588  firefox 
  589  exit
  590  firefox 
  591  exit
  592  ssh shenma27
  593  exit
  594  cd /home/sding/
  595  ls
  596  cd transp/
  597  ls
  598  cd Runs/
  599  ls
  600  cd EAST/
  601  ls
  602  cd 33068
  603  ls
  604  vim q33068T04.joblog
  605  ssh shenma28
  606  exit
  607  ssh shenma27
  608  exit
  609  ls
  610  cd .ssh/
  611  ls
  612  mv id_rsa.pub id_rsa.pub.back
  613  ls
  614  scp lxj@210.73.19.212:/home/lxj/.ssh/id_rsa.pub .
  615  ls
  616  cat id_rsa.pub >> authorized_keys 
  617  vim authorized_keys 
  618  ls
  619  ll
  620  rm id_rsa.pub
  621  mv id_rsa.pub.back  id_rsa.pub
  622  ll
  623  exit
  624  firefox 
  625  exit
  626  ip addr
  627  ssh shenma28
  628  ssh shenma27
  629  ls
  630  ssh shenma23
  631  ssh shenma27
  632  ssh shenma11
  633  ssh shenma16
  634  ssh shenma20
  635  ssh shenma23
  636  ssh shenma11
  637  ssh shenma13
  638  ls
  639  ssh shenma162
  640  ssh shenma163
  641  su - liuxj
  642  qstat 
  643  qstat -f 
  644  qstat 
  645  qstat -f 9368
  646  qstat -f 6899
  647  vim /var/lib/maui/maui.cfg 
  648  service maui.d restart
  649  ssh shenma
  650  yum search m2c
  651  m2c
  652  yum install m2crypto.x86_64 
  653  m2c
  654  yum search Modula-2 
  655  yum search Modula
  656  yum search Modula2
  657  yum search Modula-2
  658  ssh shenma
  659  ssh shenma -p 1022
  660  exit
  661  cd /var/lib/maui/
  662  ls
  663  vim maui.cfg 
  664  exit
  665  su - wuhuan
  666  exit
  667  su -
  668  exit
  669  su - liuxj
  670  cd /pkg/
  671  ls
  672  ll
  673  ll -a
  674  ls
  675  cd fftw/
  676  ls
  677  cd 2.1.5-new/gcc-4.4/
  678  ls
  679  cd lib/
  680  ls
  681  cd ..
  682  ls
  683  cd in
  684  cd info/
  685  ls
  686  cd ..
  687  ls
  688  cd in
  689  cd include/
  690  ls
  691  cd ..
  692  m2c
  693  m2
  694  cd /install/build/liuxj/source/
  695  ls
  696  cd transphome/log/
  697  ls
  698  vim make_it_all_new.log
  699  ls
  700  vim make_it_all618.log
  701  ll
  702  vim make_it_all618.log
  703  ll
  704  ssh shenma
  705  ssh shenma1
  706  ssh shenma
  707  ssh 202.127.204.14
  708  shenma51
  709  ssh shenma51
  710  ssh shenma55
  711  ssh shenma56
  712  ssh shenma54
  713  ssh shenma31
  714  ssh shenma44
  715  ll
  716  vim make_it_all618.log
  717  ssh shenma64
  718  ssh shenma65
  719  ssh 10.10.1.65
  720  ssh 10.10.1.68
  721  ll
  722  vim 101862 Jun 18 21:29 make_it_all618.log
  723  vim  make_it_all618.log
  724  ll
  725  vim  make_it_all618.log
  726  ll
  727  ps
  728  ll
  729  vim  make_it_all619.log
  730  ll
  731  exit
  732  su - gyhu
  733  ping 10.10.1.35
  734  ssh root@10.10.1.35
  735  ssh root@10.10.1.36
  736  ssh shenma163
  737  ssh root@shenma163
  738  ssh root@shenma162
  739  ssh root@shenma163
  740  ssh root@10.10.1.38
  741  ssh root@10.10.1.36
  742  ssh root@10.10.1.37
  743  ssh root@10.10.1.39
  744  ssh root@10.10.1.38
  745  ssh root@10.10.1.35
  746  ip addr
  747  ssh root@10.10.1.35
  748  ps a
  749  cat /proc/mounts 
  750  ping 10.10.1.39
  751  ping 10.10.1.38
  752  ssh root@10.10.1.38
  753  w
  754  ps aux
  755  ls
  756  ssh shenma163
  757  ps ux
  758  reboot -h
  759  ls
  760  module list 
  761  vim /etc/fstab 
  762  vim /etc/rc.local 
  763  vim /etc/fstab 
  764  ls
  765  cd bin/
  766  ls
  767  vim mount_dirs.sh 
  768  vim /etc/fstab 
  769  df -h
  770  umount /project/
  771  umount /home
  772  umount /install/
  773  ls
  774  df -h
  775  ./mount_dirs.sh 
  776  df -h
  777  vim mount_dirs.sh 
  778  mount -t nfs 10.10.1.36:/ibfs/install /install
  779  df -h
  780  mount -t nfs 10.10.1.36:/ibfs/project /project
  781  df -h
  782  vim mount_dirs.sh 
  783  df -h
  784  ls /etc/init.d/
  785  cd /etc/init.d/
  786  service slapd status
  787  tail -f /var/log/messages
  788  qstat 
  789  ps axu|grep bind
  790  ps aux|grep balance
  791  cd 
  792  ls
  793  cd bin/
  794  ls
  795  vim BootCluster.sh 
  796  balance 22 shenma162:22 shenma163:22 &
  797  ssh yuzhi@shenma163
  798  ssh yuzhi@127.0.0.1
  799  ssh yuzhi@shenma163
  800  ssh root@shenma163
  801  tail -f /var/log/ldap.log 
  802  ssh shenma163
  803  ssh yuzhi@shenma163
  804  ssh yuzhi@shenma162
  805  ssh yuzhi@shenma163
  806  service gmond status
  807  ssh yuzhi@shenma163
  808  ping shenma163
  809  ssh shenma163
  810  ssh 12.0.1.163
  811  ssh root@12.0.1.163
  812  rpower shenma163 reset
  813  rpower shenma163 status
  814  rpower shenma162 status
  815  service gmond status
  816  service gmond restart
  817  service gmond status
  818  ls
  819  ssh 10.10.1.14
  820  ssh 10.10.1.214
  821  ssh 202.127.204.14
  822  ssh 10.10.1.253
  823  ssh 10.10.1.252
  824  ssh 10.10.1.244
  825  umount /install
  826  ps aux
  827  pkill balance
  828  reboot -h
  829  balance
  830  ssh 10.10.1.35
  831  ssh root@10.10.1.35
  832  ssh root@10.10.1.36
  833  ssh root@10.10.1.37
  834  ping 10.10.1.254
  835  ping 10.10.1.35
  836  date
  837  export LC_ALL=C
  838  date
  839  ntpdate 0.centos.pool.ntp.org
  840  service ntpd stop
  841  ntpdate 0.centos.pool.ntp.org
  842  service ntpd status
  843  service ntpd start
  844  service ntpd status
  845  service ntp status
  846  service ntpdate status
  847  service ntpdate start
  848  vim /etc/ntp.conf 
  849  service ntpd status
  850  service ntpdate status
  851  service ntpdate start
  852  vim /etc/ntp.conf 
  853  ntpdate 0.centos.pool.ntp.org
  854  service ntpd stop
  855  ntpdate 0.centos.pool.ntp.org
  856  service ntpd status
  857  service ntpd start
  858  date
  859  service ntpd status
  860  ssh shenma162
  861  ssh shenma112
  862  ssh shenma162
  863  ip addr
  864  ping 10.10.1.36
  865  ping 10.10.1.37
  866  ping 10.10.1.41
  867  ping 10.10.1.42
  868  ssh shenma162
  869  ssh shenma103
  870  ssh shenma162
  871  ssh shenma163
  872  ssh shenma162
  873  ssh shenma163
  874  ssh shenma162
  875  ssh shenma163
  876  ssh shenma162
  877  ssh 10.10.1.35
  878  ping 10.10.1.35
  879  ls
  880  vim /etc/profile.d/modules.sh 
  881  ls
  882  service ntpd status
  883  date
  884  export LC_ALL=C
  885  date
  886  ssh 10.10.1.244
  887  ip addr
  888  vim /etc/sysconfig/network-scripts/ifcfg-eth1 
  889  ip addr
  890  ssh shenma162
  891  balance 22 shenma162:22 shenma163:22 &
  892  service gmond restart
  893  cd /install/
  894  ls
  895  ssh root@10.10.1.42
  896  ping 10.10.1.35
  897  ping 10.10.2.20
  898  ping 10.1.2.20
  899  ping 10.10.1.37
  900  ping 10.10.1.38
  901  ping 10.10.1.39
  902  ip addr
  903  ssh 10.10.1.28
  904  ifconfig 
  905  ssh shenma
  906  ssh 
  907  ssh 202.127.204.14
  908  ssh root@202.127.204.14
  909  ssh liuxj@202.127.204.14
  910  ping 202.127.204.14
  911  ssh shenma1
  912  qstat
  913  exit
  914  ls
  915  ip addr
  916  ping 10.10.1.251
  917  ping 10.10.1.252
  918  ping 10.10.1.253
  919  vim /etc/sysconfig/network-scripts/ifcfg-eth2 
  920  ip addr
  921  vim /etc/sysconfig/network-scripts/ifcfg-eth2 
  922  ssh 10.10.1.35
  923  ip addr
  924  ping 10.10.1.35
  925  ip addr
  926  man ip
  927  ip addr del 10.10.1.252
  928  man ip
  929  ip addr del 10.10.1.252 dev eth2
  930  ip addr del 10.10.1.252/24 dev eth2
  931  ip addr
  932  ssh 10.10.1.35
  933  vim .ssh/known_hosts 
  934  ssh 10.10.1.35
  935  firefox&
  936  ssh 10.10.1.35
  937  firefox&
  938  ssh 10.10.1.35
  939  ssh shenma163
  940  ip addr
  941  ping 10.10.1.35
  942  firefox &
  943  ssh shenma2
  944  ping 10.10.1.35
  945  ping 10.10.1.36
  946  ssh 10.10.1.14
  947  ssh root@10.10.1.244
  948  service ntpd status
  949  vim /etc/ntp.conf 
  950  chkconfig -l
  951  chkconfig 
  952  yum search ntpd
  953  ps aux
  954  qstat 
  955  ls
  956  cd 
  957  l
  958  ls
  959  date
  960  export LC_ALL=C
  961  date
  962  ssh shenma101
  963  ssh shenma163
  964  xdsh shenma[101-163] service ntpd stop
  965  xdsh shenma[101-163] ntpdate 10.10.1.254
  966  xdsh shenma[101-163] service ntpd start
  967  ssh 10.10.1.253
  968  ssh 10.10.1.253 -p 1022
  969  ls
  970  cd /pkg/
  971  ls
  972  ssh shenma28
  973  ssh shenma161
  974  exit
  975  ssh shenma
  976  exir
  977  exit
  978  ssh shenma162
  979  ssh shenma
  980  ssh shenma11
  981  ssh shenma12
  982  ssh shenma -p 1022
  983  exit
  984  ssh shenma152
  985  ssh shenma143
  986  exit
  987  ssh shenma
  988  yum grouplist
  989  xdsh shenma[101-161] yum group install "   Development tools"
  990  xdsh shenma[101-161] yum group install -y "Development tools"
  991  xdsh shenma[101-161] yum groupinstall -y "Development tools"
  992  ssh shenma143
  993  xdsh shenma[101-161] yum install -y "readline"
  994  xdsh shenma[101-161] yum install -y "readline-devel"
  995  ssh shenma162
  996  xdsh shenma[101-161] yum install -y "compat-readline5"
  997  history 
  998* h
  999  xdsh shenma[101-161] yum install -y "xz-lzma-compat"
 1000  xdsh shenma[101-161] yum install -y "lz"
 1001  xdsh shenma[101-161] yum install -y "lzo-2.03-3.1.el6"
 1002  xdsh shenma[101-161] yum install -y "lzo-minilzo-"
 1003  xdsh shenma[101-161] yum install -y "lzo-devel"
 1004  history 
 1005  df -h
 1006  history > history.log
