/etc/profile.d/ncarg.csh
/etc/profile.d/ncarg.sh
/usr/bin/ConvertMapData
/usr/bin/WriteLineFile
/usr/bin/WriteNameFile
/usr/bin/WritePlotcharData
/usr/bin/cgm2ncgm
/usr/bin/ctlib
/usr/bin/ctrans
/usr/bin/ezmapdemo
/usr/bin/fcaps
/usr/bin/findg
/usr/bin/fontc
/usr/bin/gcaps
/usr/bin/graphc
/usr/bin/ictrans
/usr/bin/idt
/usr/bin/med
/usr/bin/ncargfile
/usr/bin/ncargpath
/usr/bin/ncargrun
/usr/bin/ncargversion
/usr/bin/ncargworld
/usr/bin/ncarlogo2ps
/usr/bin/ncarvversion
/usr/bin/ncgm2cgm
/usr/bin/ncgmstat
/usr/bin/ncl
/usr/bin/ncl_convert2nc
/usr/bin/ncl_filedump
/usr/bin/ncl_grib2nc
/usr/bin/nnalg
/usr/bin/pre2ncgm
/usr/bin/pre2ncgm.prog
/usr/bin/psblack
/usr/bin/psplit
/usr/bin/pswhite
/usr/bin/pwritxnt
/usr/bin/ras2ccir601
/usr/bin/rascat
/usr/bin/rasgetpal
/usr/bin/rasls
/usr/bin/rassplit
/usr/bin/rasstat
/usr/bin/rasview
/usr/bin/tdpackdemo
/usr/bin/tgks0a
/usr/bin/tlocal
/usr/lib64/ncarg/database
/usr/lib64/ncarg/database/Earth..1.areas
/usr/lib64/ncarg/database/Earth..1.lines
/usr/lib64/ncarg/database/Earth..1.names
/usr/lib64/ncarg/database/Earth..2.areas
/usr/lib64/ncarg/database/Earth..2.lines
/usr/lib64/ncarg/database/Earth..2.names
/usr/lib64/ncarg/database/Earth..3.areas
/usr/lib64/ncarg/database/Earth..3.lines
/usr/lib64/ncarg/database/Earth..3.names
/usr/lib64/ncarg/database/Earth..4.areas
/usr/lib64/ncarg/database/Earth..4.lines
/usr/lib64/ncarg/database/Earth..4.names
/usr/lib64/ncarg/database/EzmapAreaInfo.CO
/usr/lib64/ncarg/database/EzmapAreaInfo.PO
/usr/lib64/ncarg/database/EzmapAreaInfo.PS
/usr/lib64/ncarg/database/EzmapAreaInfo.US
/usr/lib64/ncarg/database/EzmapOutlines.CO
/usr/lib64/ncarg/database/EzmapOutlines.PO
/usr/lib64/ncarg/database/EzmapOutlines.PS
/usr/lib64/ncarg/database/EzmapOutlines.US
/usr/lib64/ncarg/database/NhlMapData
/usr/lib64/ncarg/database/PlotcharData
/usr/lib64/ncarg/database/ezmap_area_ids
/usr/lib64/ncarg/database/ezmapdata
/usr/lib64/ncarg/database/ftfonts
/usr/lib64/ncarg/database/ftfonts/Aristarcoj2.ttf
/usr/lib64/ncarg/database/ftfonts/Vera.ttf
/usr/lib64/ncarg/database/ftfonts/VeraBI.ttf
/usr/lib64/ncarg/database/ftfonts/VeraBd.ttf
/usr/lib64/ncarg/database/ftfonts/VeraIt.ttf
/usr/lib64/ncarg/database/ftfonts/VeraMoBI.ttf
/usr/lib64/ncarg/database/ftfonts/VeraMoBd.ttf
/usr/lib64/ncarg/database/ftfonts/VeraMoIt.ttf
/usr/lib64/ncarg/database/ftfonts/VeraMono.ttf
/usr/lib64/ncarg/database/ftfonts/VeraSe.ttf
/usr/lib64/ncarg/database/ftfonts/VeraSeBd.ttf
/usr/lib64/ncarg/database/ftfonts/cmex10.ttf
/usr/lib64/ncarg/database/ftfonts/cmsy10.ttf
/usr/lib64/ncarg/database/pwritdata
/usr/lib64/ncarg/database/ranfdata
/usr/lib64/ncarg/database/rgb.dir
/usr/lib64/ncarg/database/rgb.pag
/usr/lib64/ncarg/database/rgb.txt
/usr/lib64/ncarg/fontcaps
/usr/lib64/ncarg/fontcaps/font1
/usr/lib64/ncarg/fontcaps/font10
/usr/lib64/ncarg/fontcaps/font11
/usr/lib64/ncarg/fontcaps/font12
/usr/lib64/ncarg/fontcaps/font13
/usr/lib64/ncarg/fontcaps/font14
/usr/lib64/ncarg/fontcaps/font15
/usr/lib64/ncarg/fontcaps/font16
/usr/lib64/ncarg/fontcaps/font17
/usr/lib64/ncarg/fontcaps/font18
/usr/lib64/ncarg/fontcaps/font19
/usr/lib64/ncarg/fontcaps/font2
/usr/lib64/ncarg/fontcaps/font20
/usr/lib64/ncarg/fontcaps/font21
/usr/lib64/ncarg/fontcaps/font22
/usr/lib64/ncarg/fontcaps/font25
/usr/lib64/ncarg/fontcaps/font26
/usr/lib64/ncarg/fontcaps/font29
/usr/lib64/ncarg/fontcaps/font3
/usr/lib64/ncarg/fontcaps/font30
/usr/lib64/ncarg/fontcaps/font33
/usr/lib64/ncarg/fontcaps/font34
/usr/lib64/ncarg/fontcaps/font35
/usr/lib64/ncarg/fontcaps/font36
/usr/lib64/ncarg/fontcaps/font37
/usr/lib64/ncarg/fontcaps/font4
/usr/lib64/ncarg/fontcaps/font5
/usr/lib64/ncarg/fontcaps/font6
/usr/lib64/ncarg/fontcaps/font7
/usr/lib64/ncarg/fontcaps/font8
/usr/lib64/ncarg/fontcaps/font9
/usr/lib64/ncarg/graphcaps
/usr/lib64/ncarg/graphcaps/adm5
/usr/lib64/ncarg/graphcaps/aed.a
/usr/lib64/ncarg/graphcaps/aed.b
/usr/lib64/ncarg/graphcaps/balsml
/usr/lib64/ncarg/graphcaps/ditroff
/usr/lib64/ncarg/graphcaps/hp150
/usr/lib64/ncarg/graphcaps/hp2648a
/usr/lib64/ncarg/graphcaps/hp7475a
/usr/lib64/ncarg/graphcaps/hp7510a
/usr/lib64/ncarg/graphcaps/hpgl
/usr/lib64/ncarg/graphcaps/hpgl2
/usr/lib64/ncarg/graphcaps/hpgl2.dual
/usr/lib64/ncarg/graphcaps/hpgl2pe
/usr/lib64/ncarg/graphcaps/hpgl2pe.dual
/usr/lib64/ncarg/graphcaps/imagen
/usr/lib64/ncarg/graphcaps/imagen.port
/usr/lib64/ncarg/graphcaps/pc.mono
/usr/lib64/ncarg/graphcaps/ps.color
/usr/lib64/ncarg/graphcaps/ps.land.color
/usr/lib64/ncarg/graphcaps/ps.land.mono
/usr/lib64/ncarg/graphcaps/ps.mono
/usr/lib64/ncarg/graphcaps/qms800
/usr/lib64/ncarg/graphcaps/r6211
/usr/lib64/ncarg/graphcaps/s100
/usr/lib64/ncarg/graphcaps/t4010
/usr/lib64/ncarg/graphcaps/t4025
/usr/lib64/ncarg/graphcaps/t4105
/usr/lib64/ncarg/graphcaps/t4107
/usr/lib64/ncarg/graphcaps/t4107.seg
/usr/lib64/ncarg/graphcaps/t4115
/usr/lib64/ncarg/graphcaps/t4115.seg
/usr/lib64/ncarg/graphcaps/tal1590
/usr/lib64/ncarg/graphcaps/tekalike
/usr/lib64/ncarg/graphcaps/versaterm
/usr/lib64/ncarg/graphcaps/vt100
/usr/lib64/ncarg/graphcaps/vt125
/usr/lib64/ncarg/graphcaps/vt220
/usr/lib64/ncarg/graphcaps/vt240
/usr/lib64/ncarg/graphcaps/vt330
/usr/lib64/ncarg/graphcaps/vt340
/usr/lib64/ncarg/graphcaps/vt340w
/usr/share/doc/ncl-6.0.0
/usr/share/doc/ncl-6.0.0/COPYING
/usr/share/doc/ncl-6.0.0/Copyright
/usr/share/doc/ncl-6.0.0/README
