4.9G	/scratch/5GB
4.0K	/scratch/ahu
4.0K	/scratch/Andrea
4.0K	/scratch/asipp_abs
805G	/scratch/Backup
4.0K	/scratch/bcao
1.1G	/scratch/bgui
3.5G	/scratch/bjding
225M	/scratch/blhao
4.0K	/scratch/bo.wang
4.0K	/scratch/caijianqing
4.0K	/scratch/changjiaf
4.0K	/scratch/chengzf
4.0K	/scratch/chenky
4.0K	/scratch/chum
830G	/scratch/chy35
4.0K	/scratch/cliang
4.0K	/scratch/crwu
4.0K	/scratch/csyscu
4.0K	/scratch/cyliu
780M	/scratch/dave
8.1M	/scratch/davidwu
4.0K	/scratch/dawning
4.0K	/scratch/developer
4.0K	/scratch/dlchen
30G	/scratch/DONOTDELETE
90M	/scratch/elder
4.0K	/scratch/fdwang
4.0K	/scratch/FIDA
2.6G	/scratch/fwyao
4.0K	/scratch/gaowei
4.0K	/scratch/gksim
83G	/scratch/gqwang
48K	/scratch/gsxu
4.0K	/scratch/gwei
6.4G	/scratch/gwenfeng
16G	/scratch/gzjia
4.0K	/scratch/hgao
4.0K	/scratch/hjie
4.0K	/scratch/hjscu
4.0K	/scratch/hqwang
36G	/scratch/hsi
464K	/scratch/huangwl
4.0K	/scratch/huqs
10G	/scratch/huyemin
30M	/scratch/hxf
125M	/scratch/hyueheng
4.0K	/scratch/hzhong
4.0K	/scratch/inkyang
222M	/scratch/install
4.0K	/scratch/jfeng
84G	/scratch/jfwang
4.0K	/scratch/jhuang
4.0K	/scratch/jiamanni
4.3G	/scratch/jieli
440M	/scratch/jlchen
4.0K	/scratch/jwei
24G	/scratch/kfgan
8.0K	/scratch/kzding
5.1G	/scratch/leexinxia
4.0K	/scratch/lgj
4.0K	/scratch/lhang
220G	/scratch/lidehui
134G	/scratch/ligq
15G	/scratch/lihaode2007
4.0K	/scratch/lijx
129M	/scratch/lijy
902M	/scratch/limiaohui
110G	/scratch/linbinbin
4.0K	/scratch/liuhq
4.0K	/scratch/liujian
2.1G	/scratch/liul
4.0K	/scratch/liuxiaojuan
37G	/scratch/liuxj
4.0K	/scratch/liuzhiyuan
4.0K	/scratch/lixujing
4.0K	/scratch/llian
96G	/scratch/lshch
4.0K	/scratch/luoan
4.0K	/scratch/lxiaochun
13G	/scratch/lxj
4.0K	/scratch/lzp
114G	/scratch/majun
4.0K	/scratch/maxim_Wang
4.0K	/scratch/meneghini
4.0K	/scratch/mgvh
511M	/scratch/niugj
8.6G	/scratch/niuly
4.0K	/scratch/omullane
32K	/scratch/oujing
44K	/scratch/panchengkang
124K	/scratch/PEYSSON
192G	/scratch/pfzhang
4.8G	/scratch/pkg
4.0K	/scratch/qianjinping
1.1G	/scratch/qiuql
131M	/scratch/ray
4.0K	/scratch/rding
60K	/scratch/renql
4.0K	/scratch/rjzhou
4.0K	/scratch/rrzhang
4.0K	/scratch/scratch1.log
4.0K	/scratch/scratch2.log
4.0K	/scratch/scratch3.log
4.0K	/scratch/scratch4.log
4.0K	/scratch/scratch5.log
4.0K	/scratch/scratch.log
43G	/scratch/sding
4.0K	/scratch/sfmao
4.0K	/scratch/shaolm
4.0K	/scratch/shebit
4.0K	/scratch/shisj
13G	/scratch/shixj
4.0K	/scratch/shuyudai
4.0K	/scratch/slisgo
7.7G	/scratch/slliu
4.0K	/scratch/spectro
21G	/scratch/stmao
4.0K	/scratch/sunap
220M	/scratch/sylin
32M	/scratch/szhu
4.0K	/scratch/taoc
4.0K	/scratch/thshi
4.0K	/scratch/tina
4.0K	/scratch/topica
161G	/scratch/transp
15G	/scratch/transp-old
19G	/scratch/Trash
12K	/scratch/vsim-token
4.0K	/scratch/wangfeng
1.7M	/scratch/wangji
4.0K	/scratch/wangjun81
3.2G	/scratch/weiland
4.0K	/scratch/wfeng
3.5G	/scratch/wfguo
3.0G	/scratch/wfq
4.0K	/scratch/wliang
4.0K	/scratch/wmq
28G	/scratch/wtf
21G	/scratch/wubin
32M	/scratch/wuhuan
21G	/scratch/wwxu
1.1G	/scratch/wxjing
503G	/scratch/xiangn
2.4G	/scratch/xiaotao
141G	/scratch/xiaty
4.0K	/scratch/xiehai
6.5G	/scratch/xjzhang
6.5G	/scratch/xuqian
3.1G	/scratch/xuyp
4.0K	/scratch/xuzong
4.0K	/scratch/xyf
314G	/scratch/xywang
8.0K	/scratch/xzluo
44K	/scratch/yalei
19G	/scratch/yangcheng
4.0K	/scratch/yangjinhong
438M	/scratch/yangulei
4.0K	/scratch/yangyj
4.0K	/scratch/ybpei
4.0K	/scratch/ycunli
260G	/scratch/yelei
15G	/scratch/yguo
1.7G	/scratch/yj
184M	/scratch/ylli
4.0K	/scratch/ylxiang
37G	/scratch/ypchen
4.0K	/scratch/yqhu
4.0K	/scratch/yuguoyang
24G	/scratch/yuzhi
4.9G	/scratch/ywj
4.0K	/scratch/ywsun
4.0K	/scratch/zangqing
4.0K	/scratch/zgdeng
297M	/scratch/zhaixm
999M	/scratch/zhangt
4.0K	/scratch/zhangwei
307M	/scratch/zhlwang
235M	/scratch/zhonggq
48K	/scratch/zhoudeng
4.0K	/scratch/zhoutt
1.1G	/scratch/zw
4.0K	/scratch/zweitang
4.0K	/scratch/zxliu316
